DEBUG      2022-08-12 12:29:05,597: STREAM b'IHDR' 16 13
DEBUG      2022-08-12 12:29:05,597: STREAM b'sBIT' 41 4
DEBUG      2022-08-12 12:29:05,597: b'sBIT' 41 4 (unknown)
DEBUG      2022-08-12 12:29:05,597: STREAM b'pHYs' 57 9
DEBUG      2022-08-12 12:29:05,597: STREAM b'IDAT' 78 696
DEBUG      2022-08-12 12:29:05,605: STREAM b'IHDR' 16 13
DEBUG      2022-08-12 12:29:05,605: STREAM b'sBIT' 41 4
DEBUG      2022-08-12 12:29:05,605: b'sBIT' 41 4 (unknown)
DEBUG      2022-08-12 12:29:05,605: STREAM b'pHYs' 57 9
DEBUG      2022-08-12 12:29:05,605: STREAM b'IDAT' 78 526
DEBUG      2022-08-12 12:29:05,605: STREAM b'IHDR' 16 13
DEBUG      2022-08-12 12:29:05,644: STREAM b'sBIT' 41 4
DEBUG      2022-08-12 12:29:05,644: b'sBIT' 41 4 (unknown)
DEBUG      2022-08-12 12:29:05,644: STREAM b'pHYs' 57 9
DEBUG      2022-08-12 12:29:05,644: STREAM b'IDAT' 78 499
DEBUG      2022-08-12 12:29:05,644: STREAM b'IHDR' 16 13
DEBUG      2022-08-12 12:29:05,644: STREAM b'sBIT' 41 4
DEBUG      2022-08-12 12:29:05,644: b'sBIT' 41 4 (unknown)
DEBUG      2022-08-12 12:29:05,644: STREAM b'pHYs' 57 9
DEBUG      2022-08-12 12:29:05,644: STREAM b'IDAT' 78 673
DEBUG      2022-08-12 12:29:05,644: STREAM b'IHDR' 16 13
DEBUG      2022-08-12 12:29:05,644: STREAM b'sBIT' 41 4
DEBUG      2022-08-12 12:29:05,648: b'sBIT' 41 4 (unknown)
DEBUG      2022-08-12 12:29:05,648: STREAM b'pHYs' 57 9
DEBUG      2022-08-12 12:29:05,648: STREAM b'IDAT' 78 922
DEBUG      2022-08-12 12:29:05,648: STREAM b'IHDR' 16 13
DEBUG      2022-08-12 12:29:05,648: STREAM b'sBIT' 41 4
DEBUG      2022-08-12 12:29:05,648: b'sBIT' 41 4 (unknown)
DEBUG      2022-08-12 12:29:05,648: STREAM b'pHYs' 57 9
DEBUG      2022-08-12 12:29:05,648: STREAM b'IDAT' 78 568
DEBUG      2022-08-12 12:29:05,648: STREAM b'IHDR' 16 13
DEBUG      2022-08-12 12:29:05,648: STREAM b'sBIT' 41 4
DEBUG      2022-08-12 12:29:05,648: b'sBIT' 41 4 (unknown)
DEBUG      2022-08-12 12:29:05,648: STREAM b'pHYs' 57 9
DEBUG      2022-08-12 12:29:05,648: STREAM b'IDAT' 78 626
