DEBUG      2022-08-14 12:48:31,106: STREAM b'IHDR' 16 13
DEBUG      2022-08-14 12:48:31,106: STREAM b'sBIT' 41 4
DEBUG      2022-08-14 12:48:31,106: b'sBIT' 41 4 (unknown)
DEBUG      2022-08-14 12:48:31,106: STREAM b'pHYs' 57 9
DEBUG      2022-08-14 12:48:31,106: STREAM b'IDAT' 78 696
DEBUG      2022-08-14 12:48:31,111: STREAM b'IHDR' 16 13
DEBUG      2022-08-14 12:48:31,111: STREAM b'sBIT' 41 4
DEBUG      2022-08-14 12:48:31,111: b'sBIT' 41 4 (unknown)
DEBUG      2022-08-14 12:48:31,111: STREAM b'pHYs' 57 9
DEBUG      2022-08-14 12:48:31,111: STREAM b'IDAT' 78 526
DEBUG      2022-08-14 12:48:31,112: STREAM b'IHDR' 16 13
DEBUG      2022-08-14 12:48:31,121: STREAM b'sBIT' 41 4
DEBUG      2022-08-14 12:48:31,121: b'sBIT' 41 4 (unknown)
DEBUG      2022-08-14 12:48:31,121: STREAM b'pHYs' 57 9
DEBUG      2022-08-14 12:48:31,121: STREAM b'IDAT' 78 499
DEBUG      2022-08-14 12:48:31,122: STREAM b'IHDR' 16 13
DEBUG      2022-08-14 12:48:31,122: STREAM b'sBIT' 41 4
DEBUG      2022-08-14 12:48:31,122: b'sBIT' 41 4 (unknown)
DEBUG      2022-08-14 12:48:31,122: STREAM b'pHYs' 57 9
DEBUG      2022-08-14 12:48:31,122: STREAM b'IDAT' 78 673
DEBUG      2022-08-14 12:48:31,123: STREAM b'IHDR' 16 13
DEBUG      2022-08-14 12:48:31,123: STREAM b'sBIT' 41 4
DEBUG      2022-08-14 12:48:31,123: b'sBIT' 41 4 (unknown)
DEBUG      2022-08-14 12:48:31,123: STREAM b'pHYs' 57 9
DEBUG      2022-08-14 12:48:31,123: STREAM b'IDAT' 78 922
DEBUG      2022-08-14 12:48:31,124: STREAM b'IHDR' 16 13
DEBUG      2022-08-14 12:48:31,124: STREAM b'sBIT' 41 4
DEBUG      2022-08-14 12:48:31,124: b'sBIT' 41 4 (unknown)
DEBUG      2022-08-14 12:48:31,124: STREAM b'pHYs' 57 9
DEBUG      2022-08-14 12:48:31,124: STREAM b'IDAT' 78 568
DEBUG      2022-08-14 12:48:31,124: STREAM b'IHDR' 16 13
DEBUG      2022-08-14 12:48:31,124: STREAM b'sBIT' 41 4
DEBUG      2022-08-14 12:48:31,125: b'sBIT' 41 4 (unknown)
DEBUG      2022-08-14 12:48:31,125: STREAM b'pHYs' 57 9
DEBUG      2022-08-14 12:48:31,125: STREAM b'IDAT' 78 626
