DEBUG      2022-08-14 19:40:39,983: STREAM b'IHDR' 16 13
DEBUG      2022-08-14 19:40:39,983: STREAM b'sBIT' 41 4
DEBUG      2022-08-14 19:40:39,983: b'sBIT' 41 4 (unknown)
DEBUG      2022-08-14 19:40:39,983: STREAM b'pHYs' 57 9
DEBUG      2022-08-14 19:40:39,983: STREAM b'IDAT' 78 696
DEBUG      2022-08-14 19:40:39,987: STREAM b'IHDR' 16 13
DEBUG      2022-08-14 19:40:39,987: STREAM b'sBIT' 41 4
DEBUG      2022-08-14 19:40:39,987: b'sBIT' 41 4 (unknown)
DEBUG      2022-08-14 19:40:39,987: STREAM b'pHYs' 57 9
DEBUG      2022-08-14 19:40:39,987: STREAM b'IDAT' 78 526
DEBUG      2022-08-14 19:40:39,988: STREAM b'IHDR' 16 13
DEBUG      2022-08-14 19:40:39,998: STREAM b'sBIT' 41 4
DEBUG      2022-08-14 19:40:39,998: b'sBIT' 41 4 (unknown)
DEBUG      2022-08-14 19:40:39,998: STREAM b'pHYs' 57 9
DEBUG      2022-08-14 19:40:39,998: STREAM b'IDAT' 78 499
DEBUG      2022-08-14 19:40:39,999: STREAM b'IHDR' 16 13
DEBUG      2022-08-14 19:40:39,999: STREAM b'sBIT' 41 4
DEBUG      2022-08-14 19:40:39,999: b'sBIT' 41 4 (unknown)
DEBUG      2022-08-14 19:40:39,999: STREAM b'pHYs' 57 9
DEBUG      2022-08-14 19:40:39,999: STREAM b'IDAT' 78 673
DEBUG      2022-08-14 19:40:40,000: STREAM b'IHDR' 16 13
DEBUG      2022-08-14 19:40:40,000: STREAM b'sBIT' 41 4
DEBUG      2022-08-14 19:40:40,000: b'sBIT' 41 4 (unknown)
DEBUG      2022-08-14 19:40:40,000: STREAM b'pHYs' 57 9
DEBUG      2022-08-14 19:40:40,000: STREAM b'IDAT' 78 922
DEBUG      2022-08-14 19:40:40,000: STREAM b'IHDR' 16 13
DEBUG      2022-08-14 19:40:40,000: STREAM b'sBIT' 41 4
DEBUG      2022-08-14 19:40:40,001: b'sBIT' 41 4 (unknown)
DEBUG      2022-08-14 19:40:40,001: STREAM b'pHYs' 57 9
DEBUG      2022-08-14 19:40:40,001: STREAM b'IDAT' 78 568
DEBUG      2022-08-14 19:40:40,001: STREAM b'IHDR' 16 13
DEBUG      2022-08-14 19:40:40,001: STREAM b'sBIT' 41 4
DEBUG      2022-08-14 19:40:40,001: b'sBIT' 41 4 (unknown)
DEBUG      2022-08-14 19:40:40,001: STREAM b'pHYs' 57 9
DEBUG      2022-08-14 19:40:40,001: STREAM b'IDAT' 78 626
INFO       2022-08-14 19:41:17,134: Started Listening for analysis
