DEBUG      2022-08-16 22:44:35,584: STREAM b'IHDR' 16 13
DEBUG      2022-08-16 22:44:35,585: STREAM b'sBIT' 41 4
DEBUG      2022-08-16 22:44:35,585: b'sBIT' 41 4 (unknown)
DEBUG      2022-08-16 22:44:35,585: STREAM b'pHYs' 57 9
DEBUG      2022-08-16 22:44:35,585: STREAM b'IDAT' 78 696
DEBUG      2022-08-16 22:44:35,594: STREAM b'IHDR' 16 13
DEBUG      2022-08-16 22:44:35,594: STREAM b'sBIT' 41 4
DEBUG      2022-08-16 22:44:35,594: b'sBIT' 41 4 (unknown)
DEBUG      2022-08-16 22:44:35,594: STREAM b'pHYs' 57 9
DEBUG      2022-08-16 22:44:35,594: STREAM b'IDAT' 78 526
DEBUG      2022-08-16 22:44:35,596: STREAM b'IHDR' 16 13
DEBUG      2022-08-16 22:44:35,596: STREAM b'sBIT' 41 4
DEBUG      2022-08-16 22:44:35,596: b'sBIT' 41 4 (unknown)
DEBUG      2022-08-16 22:44:35,596: STREAM b'pHYs' 57 9
DEBUG      2022-08-16 22:44:35,596: STREAM b'IDAT' 78 499
DEBUG      2022-08-16 22:44:35,597: STREAM b'IHDR' 16 13
DEBUG      2022-08-16 22:44:35,598: STREAM b'sBIT' 41 4
DEBUG      2022-08-16 22:44:35,598: b'sBIT' 41 4 (unknown)
DEBUG      2022-08-16 22:44:35,598: STREAM b'pHYs' 57 9
DEBUG      2022-08-16 22:44:35,598: STREAM b'IDAT' 78 673
DEBUG      2022-08-16 22:44:35,599: STREAM b'IHDR' 16 13
DEBUG      2022-08-16 22:44:35,599: STREAM b'sBIT' 41 4
DEBUG      2022-08-16 22:44:35,599: b'sBIT' 41 4 (unknown)
DEBUG      2022-08-16 22:44:35,599: STREAM b'pHYs' 57 9
DEBUG      2022-08-16 22:44:35,599: STREAM b'IDAT' 78 922
DEBUG      2022-08-16 22:44:35,601: STREAM b'IHDR' 16 13
DEBUG      2022-08-16 22:44:35,601: STREAM b'sBIT' 41 4
DEBUG      2022-08-16 22:44:35,601: b'sBIT' 41 4 (unknown)
DEBUG      2022-08-16 22:44:35,601: STREAM b'pHYs' 57 9
DEBUG      2022-08-16 22:44:35,601: STREAM b'IDAT' 78 568
DEBUG      2022-08-16 22:44:35,602: STREAM b'IHDR' 16 13
DEBUG      2022-08-16 22:44:35,603: STREAM b'sBIT' 41 4
DEBUG      2022-08-16 22:44:35,603: b'sBIT' 41 4 (unknown)
DEBUG      2022-08-16 22:44:35,603: STREAM b'pHYs' 57 9
DEBUG      2022-08-16 22:44:35,603: STREAM b'IDAT' 78 626
