DEBUG      2022-08-14 19:42:26,001: STREAM b'IHDR' 16 13
DEBUG      2022-08-14 19:42:26,001: STREAM b'sBIT' 41 4
DEBUG      2022-08-14 19:42:26,001: b'sBIT' 41 4 (unknown)
DEBUG      2022-08-14 19:42:26,001: STREAM b'pHYs' 57 9
DEBUG      2022-08-14 19:42:26,001: STREAM b'IDAT' 78 696
DEBUG      2022-08-14 19:42:26,005: STREAM b'IHDR' 16 13
DEBUG      2022-08-14 19:42:26,005: STREAM b'sBIT' 41 4
DEBUG      2022-08-14 19:42:26,006: b'sBIT' 41 4 (unknown)
DEBUG      2022-08-14 19:42:26,006: STREAM b'pHYs' 57 9
DEBUG      2022-08-14 19:42:26,006: STREAM b'IDAT' 78 526
DEBUG      2022-08-14 19:42:26,006: STREAM b'IHDR' 16 13
DEBUG      2022-08-14 19:42:26,016: STREAM b'sBIT' 41 4
DEBUG      2022-08-14 19:42:26,016: b'sBIT' 41 4 (unknown)
DEBUG      2022-08-14 19:42:26,016: STREAM b'pHYs' 57 9
DEBUG      2022-08-14 19:42:26,016: STREAM b'IDAT' 78 499
DEBUG      2022-08-14 19:42:26,017: STREAM b'IHDR' 16 13
DEBUG      2022-08-14 19:42:26,017: STREAM b'sBIT' 41 4
DEBUG      2022-08-14 19:42:26,017: b'sBIT' 41 4 (unknown)
DEBUG      2022-08-14 19:42:26,017: STREAM b'pHYs' 57 9
DEBUG      2022-08-14 19:42:26,017: STREAM b'IDAT' 78 673
DEBUG      2022-08-14 19:42:26,018: STREAM b'IHDR' 16 13
DEBUG      2022-08-14 19:42:26,018: STREAM b'sBIT' 41 4
DEBUG      2022-08-14 19:42:26,018: b'sBIT' 41 4 (unknown)
DEBUG      2022-08-14 19:42:26,018: STREAM b'pHYs' 57 9
DEBUG      2022-08-14 19:42:26,018: STREAM b'IDAT' 78 922
DEBUG      2022-08-14 19:42:26,018: STREAM b'IHDR' 16 13
DEBUG      2022-08-14 19:42:26,018: STREAM b'sBIT' 41 4
DEBUG      2022-08-14 19:42:26,018: b'sBIT' 41 4 (unknown)
DEBUG      2022-08-14 19:42:26,019: STREAM b'pHYs' 57 9
DEBUG      2022-08-14 19:42:26,019: STREAM b'IDAT' 78 568
DEBUG      2022-08-14 19:42:26,019: STREAM b'IHDR' 16 13
DEBUG      2022-08-14 19:42:26,019: STREAM b'sBIT' 41 4
DEBUG      2022-08-14 19:42:26,019: b'sBIT' 41 4 (unknown)
DEBUG      2022-08-14 19:42:26,019: STREAM b'pHYs' 57 9
DEBUG      2022-08-14 19:42:26,019: STREAM b'IDAT' 78 626
INFO       2022-08-14 19:42:59,707: Started Listening for analysis
