DEBUG      2022-08-14 12:47:29,395: STREAM b'IHDR' 16 13
DEBUG      2022-08-14 12:47:29,396: STREAM b'sBIT' 41 4
DEBUG      2022-08-14 12:47:29,396: b'sBIT' 41 4 (unknown)
DEBUG      2022-08-14 12:47:29,396: STREAM b'pHYs' 57 9
DEBUG      2022-08-14 12:47:29,396: STREAM b'IDAT' 78 696
DEBUG      2022-08-14 12:47:29,426: STREAM b'IHDR' 16 13
DEBUG      2022-08-14 12:47:29,426: STREAM b'sBIT' 41 4
DEBUG      2022-08-14 12:47:29,426: b'sBIT' 41 4 (unknown)
DEBUG      2022-08-14 12:47:29,426: STREAM b'pHYs' 57 9
DEBUG      2022-08-14 12:47:29,426: STREAM b'IDAT' 78 526
DEBUG      2022-08-14 12:47:29,432: STREAM b'IHDR' 16 13
DEBUG      2022-08-14 12:47:29,433: STREAM b'sBIT' 41 4
DEBUG      2022-08-14 12:47:29,434: b'sBIT' 41 4 (unknown)
DEBUG      2022-08-14 12:47:29,434: STREAM b'pHYs' 57 9
DEBUG      2022-08-14 12:47:29,434: STREAM b'IDAT' 78 499
DEBUG      2022-08-14 12:47:29,439: STREAM b'IHDR' 16 13
DEBUG      2022-08-14 12:47:29,439: STREAM b'sBIT' 41 4
DEBUG      2022-08-14 12:47:29,439: b'sBIT' 41 4 (unknown)
DEBUG      2022-08-14 12:47:29,439: STREAM b'pHYs' 57 9
DEBUG      2022-08-14 12:47:29,439: STREAM b'IDAT' 78 673
DEBUG      2022-08-14 12:47:29,444: STREAM b'IHDR' 16 13
DEBUG      2022-08-14 12:47:29,444: STREAM b'sBIT' 41 4
DEBUG      2022-08-14 12:47:29,444: b'sBIT' 41 4 (unknown)
DEBUG      2022-08-14 12:47:29,444: STREAM b'pHYs' 57 9
DEBUG      2022-08-14 12:47:29,444: STREAM b'IDAT' 78 922
DEBUG      2022-08-14 12:47:29,450: STREAM b'IHDR' 16 13
DEBUG      2022-08-14 12:47:29,450: STREAM b'sBIT' 41 4
DEBUG      2022-08-14 12:47:29,450: b'sBIT' 41 4 (unknown)
DEBUG      2022-08-14 12:47:29,450: STREAM b'pHYs' 57 9
DEBUG      2022-08-14 12:47:29,451: STREAM b'IDAT' 78 568
DEBUG      2022-08-14 12:47:29,457: STREAM b'IHDR' 16 13
DEBUG      2022-08-14 12:47:29,457: STREAM b'sBIT' 41 4
DEBUG      2022-08-14 12:47:29,457: b'sBIT' 41 4 (unknown)
DEBUG      2022-08-14 12:47:29,457: STREAM b'pHYs' 57 9
DEBUG      2022-08-14 12:47:29,457: STREAM b'IDAT' 78 626
