DEBUG      2022-08-16 13:28:35,891: STREAM b'IHDR' 16 13
DEBUG      2022-08-16 13:28:35,891: STREAM b'sBIT' 41 4
DEBUG      2022-08-16 13:28:35,891: b'sBIT' 41 4 (unknown)
DEBUG      2022-08-16 13:28:35,891: STREAM b'pHYs' 57 9
DEBUG      2022-08-16 13:28:35,895: STREAM b'IDAT' 78 696
DEBUG      2022-08-16 13:28:35,943: STREAM b'IHDR' 16 13
DEBUG      2022-08-16 13:28:35,943: STREAM b'sBIT' 41 4
DEBUG      2022-08-16 13:28:35,943: b'sBIT' 41 4 (unknown)
DEBUG      2022-08-16 13:28:35,943: STREAM b'pHYs' 57 9
DEBUG      2022-08-16 13:28:35,943: STREAM b'IDAT' 78 526
DEBUG      2022-08-16 13:28:35,951: STREAM b'IHDR' 16 13
DEBUG      2022-08-16 13:28:35,951: STREAM b'sBIT' 41 4
DEBUG      2022-08-16 13:28:35,951: b'sBIT' 41 4 (unknown)
DEBUG      2022-08-16 13:28:35,951: STREAM b'pHYs' 57 9
DEBUG      2022-08-16 13:28:35,951: STREAM b'IDAT' 78 499
DEBUG      2022-08-16 13:28:35,959: STREAM b'IHDR' 16 13
DEBUG      2022-08-16 13:28:35,963: STREAM b'sBIT' 41 4
DEBUG      2022-08-16 13:28:35,963: b'sBIT' 41 4 (unknown)
DEBUG      2022-08-16 13:28:35,963: STREAM b'pHYs' 57 9
DEBUG      2022-08-16 13:28:35,963: STREAM b'IDAT' 78 673
DEBUG      2022-08-16 13:28:35,967: STREAM b'IHDR' 16 13
DEBUG      2022-08-16 13:28:35,967: STREAM b'sBIT' 41 4
DEBUG      2022-08-16 13:28:35,971: b'sBIT' 41 4 (unknown)
DEBUG      2022-08-16 13:28:35,971: STREAM b'pHYs' 57 9
DEBUG      2022-08-16 13:28:35,971: STREAM b'IDAT' 78 922
DEBUG      2022-08-16 13:28:35,979: STREAM b'IHDR' 16 13
DEBUG      2022-08-16 13:28:35,979: STREAM b'sBIT' 41 4
DEBUG      2022-08-16 13:28:35,979: b'sBIT' 41 4 (unknown)
DEBUG      2022-08-16 13:28:35,979: STREAM b'pHYs' 57 9
DEBUG      2022-08-16 13:28:35,979: STREAM b'IDAT' 78 568
DEBUG      2022-08-16 13:28:35,987: STREAM b'IHDR' 16 13
DEBUG      2022-08-16 13:28:35,987: STREAM b'sBIT' 41 4
DEBUG      2022-08-16 13:28:35,987: b'sBIT' 41 4 (unknown)
DEBUG      2022-08-16 13:28:35,987: STREAM b'pHYs' 57 9
DEBUG      2022-08-16 13:28:35,987: STREAM b'IDAT' 78 626
