DEBUG      2022-08-12 15:54:16,016: STREAM b'IHDR' 16 13
DEBUG      2022-08-12 15:54:16,016: STREAM b'sBIT' 41 4
DEBUG      2022-08-12 15:54:16,016: b'sBIT' 41 4 (unknown)
DEBUG      2022-08-12 15:54:16,016: STREAM b'pHYs' 57 9
DEBUG      2022-08-12 15:54:16,016: STREAM b'IDAT' 78 696
DEBUG      2022-08-12 15:54:16,044: STREAM b'IHDR' 16 13
DEBUG      2022-08-12 15:54:16,044: STREAM b'sBIT' 41 4
DEBUG      2022-08-12 15:54:16,044: b'sBIT' 41 4 (unknown)
DEBUG      2022-08-12 15:54:16,044: STREAM b'pHYs' 57 9
DEBUG      2022-08-12 15:54:16,044: STREAM b'IDAT' 78 526
DEBUG      2022-08-12 15:54:16,052: STREAM b'IHDR' 16 13
DEBUG      2022-08-12 15:54:16,052: STREAM b'sBIT' 41 4
DEBUG      2022-08-12 15:54:16,052: b'sBIT' 41 4 (unknown)
DEBUG      2022-08-12 15:54:16,052: STREAM b'pHYs' 57 9
DEBUG      2022-08-12 15:54:16,052: STREAM b'IDAT' 78 499
DEBUG      2022-08-12 15:54:16,060: STREAM b'IHDR' 16 13
DEBUG      2022-08-12 15:54:16,060: STREAM b'sBIT' 41 4
DEBUG      2022-08-12 15:54:16,060: b'sBIT' 41 4 (unknown)
DEBUG      2022-08-12 15:54:16,060: STREAM b'pHYs' 57 9
DEBUG      2022-08-12 15:54:16,060: STREAM b'IDAT' 78 673
DEBUG      2022-08-12 15:54:16,064: STREAM b'IHDR' 16 13
DEBUG      2022-08-12 15:54:16,064: STREAM b'sBIT' 41 4
DEBUG      2022-08-12 15:54:16,064: b'sBIT' 41 4 (unknown)
DEBUG      2022-08-12 15:54:16,064: STREAM b'pHYs' 57 9
DEBUG      2022-08-12 15:54:16,064: STREAM b'IDAT' 78 922
DEBUG      2022-08-12 15:54:16,068: STREAM b'IHDR' 16 13
DEBUG      2022-08-12 15:54:16,068: STREAM b'sBIT' 41 4
DEBUG      2022-08-12 15:54:16,068: b'sBIT' 41 4 (unknown)
DEBUG      2022-08-12 15:54:16,068: STREAM b'pHYs' 57 9
DEBUG      2022-08-12 15:54:16,068: STREAM b'IDAT' 78 568
DEBUG      2022-08-12 15:54:16,076: STREAM b'IHDR' 16 13
DEBUG      2022-08-12 15:54:16,076: STREAM b'sBIT' 41 4
DEBUG      2022-08-12 15:54:16,076: b'sBIT' 41 4 (unknown)
DEBUG      2022-08-12 15:54:16,076: STREAM b'pHYs' 57 9
DEBUG      2022-08-12 15:54:16,076: STREAM b'IDAT' 78 626
INFO       2022-08-12 15:54:42,827: Started Listening for analysis
DEBUG      2022-08-12 15:54:42,978: Timestep:     0-{'drag': 0, 'sent_time_ns': 142004913017000, 'recv_time_ns': 142005016898500, 'latency': 103881500, 'currentTimestep': 0, 'currentTime': 0, 'totalTimestepsRun': 0, 'versions': 1, 'currentThrust': 123191000.0, 'currentMassFlowRate': 30628.52738619129, 'currentOxidiserMass': 6446032.690811836, 'currentFuelMass': 1074338.7818019725, 'currentRocketTotalMass': 7951371.472613809, 'netThrust': 45188045.85365853, 'currentAcceleration': 5.683050528993097, 'currentVelocityDelta': 5.683050528993097, 'currentVelocity': 5.683050528993097, 'currentAltitudeDelta': 5.683050528993097, 'currentAltitude': 5.683050528993097, 'requiredThrustChange': 63.31871171298348}
