DEBUG      2022-08-14 19:39:22,252: STREAM b'IHDR' 16 13
DEBUG      2022-08-14 19:39:22,252: STREAM b'sBIT' 41 4
DEBUG      2022-08-14 19:39:22,252: b'sBIT' 41 4 (unknown)
DEBUG      2022-08-14 19:39:22,252: STREAM b'pHYs' 57 9
DEBUG      2022-08-14 19:39:22,252: STREAM b'IDAT' 78 696
DEBUG      2022-08-14 19:39:22,257: STREAM b'IHDR' 16 13
DEBUG      2022-08-14 19:39:22,257: STREAM b'sBIT' 41 4
DEBUG      2022-08-14 19:39:22,257: b'sBIT' 41 4 (unknown)
DEBUG      2022-08-14 19:39:22,257: STREAM b'pHYs' 57 9
DEBUG      2022-08-14 19:39:22,257: STREAM b'IDAT' 78 526
DEBUG      2022-08-14 19:39:22,258: STREAM b'IHDR' 16 13
DEBUG      2022-08-14 19:39:22,268: STREAM b'sBIT' 41 4
DEBUG      2022-08-14 19:39:22,268: b'sBIT' 41 4 (unknown)
DEBUG      2022-08-14 19:39:22,268: STREAM b'pHYs' 57 9
DEBUG      2022-08-14 19:39:22,268: STREAM b'IDAT' 78 499
DEBUG      2022-08-14 19:39:22,269: STREAM b'IHDR' 16 13
DEBUG      2022-08-14 19:39:22,269: STREAM b'sBIT' 41 4
DEBUG      2022-08-14 19:39:22,269: b'sBIT' 41 4 (unknown)
DEBUG      2022-08-14 19:39:22,269: STREAM b'pHYs' 57 9
DEBUG      2022-08-14 19:39:22,269: STREAM b'IDAT' 78 673
DEBUG      2022-08-14 19:39:22,270: STREAM b'IHDR' 16 13
DEBUG      2022-08-14 19:39:22,270: STREAM b'sBIT' 41 4
DEBUG      2022-08-14 19:39:22,270: b'sBIT' 41 4 (unknown)
DEBUG      2022-08-14 19:39:22,270: STREAM b'pHYs' 57 9
DEBUG      2022-08-14 19:39:22,270: STREAM b'IDAT' 78 922
DEBUG      2022-08-14 19:39:22,271: STREAM b'IHDR' 16 13
DEBUG      2022-08-14 19:39:22,271: STREAM b'sBIT' 41 4
DEBUG      2022-08-14 19:39:22,271: b'sBIT' 41 4 (unknown)
DEBUG      2022-08-14 19:39:22,271: STREAM b'pHYs' 57 9
DEBUG      2022-08-14 19:39:22,271: STREAM b'IDAT' 78 568
DEBUG      2022-08-14 19:39:22,272: STREAM b'IHDR' 16 13
DEBUG      2022-08-14 19:39:22,272: STREAM b'sBIT' 41 4
DEBUG      2022-08-14 19:39:22,272: b'sBIT' 41 4 (unknown)
DEBUG      2022-08-14 19:39:22,272: STREAM b'pHYs' 57 9
DEBUG      2022-08-14 19:39:22,272: STREAM b'IDAT' 78 626
INFO       2022-08-14 19:39:57,281: Started Listening for analysis
