DEBUG      2022-08-14 00:10:14,256: STREAM b'IHDR' 16 13
DEBUG      2022-08-14 00:10:14,256: STREAM b'sBIT' 41 4
DEBUG      2022-08-14 00:10:14,256: b'sBIT' 41 4 (unknown)
DEBUG      2022-08-14 00:10:14,256: STREAM b'pHYs' 57 9
DEBUG      2022-08-14 00:10:14,256: STREAM b'IDAT' 78 696
DEBUG      2022-08-14 00:10:14,268: STREAM b'IHDR' 16 13
DEBUG      2022-08-14 00:10:14,268: STREAM b'sBIT' 41 4
DEBUG      2022-08-14 00:10:14,268: b'sBIT' 41 4 (unknown)
DEBUG      2022-08-14 00:10:14,268: STREAM b'pHYs' 57 9
DEBUG      2022-08-14 00:10:14,272: STREAM b'IDAT' 78 526
DEBUG      2022-08-14 00:10:14,272: STREAM b'IHDR' 16 13
DEBUG      2022-08-14 00:10:14,272: STREAM b'sBIT' 41 4
DEBUG      2022-08-14 00:10:14,272: b'sBIT' 41 4 (unknown)
DEBUG      2022-08-14 00:10:14,272: STREAM b'pHYs' 57 9
DEBUG      2022-08-14 00:10:14,272: STREAM b'IDAT' 78 499
DEBUG      2022-08-14 00:10:14,276: STREAM b'IHDR' 16 13
DEBUG      2022-08-14 00:10:14,276: STREAM b'sBIT' 41 4
DEBUG      2022-08-14 00:10:14,276: b'sBIT' 41 4 (unknown)
DEBUG      2022-08-14 00:10:14,276: STREAM b'pHYs' 57 9
DEBUG      2022-08-14 00:10:14,276: STREAM b'IDAT' 78 673
DEBUG      2022-08-14 00:10:14,280: STREAM b'IHDR' 16 13
DEBUG      2022-08-14 00:10:14,280: STREAM b'sBIT' 41 4
DEBUG      2022-08-14 00:10:14,280: b'sBIT' 41 4 (unknown)
DEBUG      2022-08-14 00:10:14,280: STREAM b'pHYs' 57 9
DEBUG      2022-08-14 00:10:14,280: STREAM b'IDAT' 78 922
DEBUG      2022-08-14 00:10:14,280: STREAM b'IHDR' 16 13
DEBUG      2022-08-14 00:10:14,280: STREAM b'sBIT' 41 4
DEBUG      2022-08-14 00:10:14,280: b'sBIT' 41 4 (unknown)
DEBUG      2022-08-14 00:10:14,280: STREAM b'pHYs' 57 9
DEBUG      2022-08-14 00:10:14,284: STREAM b'IDAT' 78 568
DEBUG      2022-08-14 00:10:14,288: STREAM b'IHDR' 16 13
DEBUG      2022-08-14 00:10:14,288: STREAM b'sBIT' 41 4
DEBUG      2022-08-14 00:10:14,288: b'sBIT' 41 4 (unknown)
DEBUG      2022-08-14 00:10:14,288: STREAM b'pHYs' 57 9
DEBUG      2022-08-14 00:10:14,288: STREAM b'IDAT' 78 626
