DEBUG      2022-08-14 00:10:50,613: STREAM b'IHDR' 16 13
DEBUG      2022-08-14 00:10:50,613: STREAM b'sBIT' 41 4
DEBUG      2022-08-14 00:10:50,613: b'sBIT' 41 4 (unknown)
DEBUG      2022-08-14 00:10:50,613: STREAM b'pHYs' 57 9
DEBUG      2022-08-14 00:10:50,613: STREAM b'IDAT' 78 696
DEBUG      2022-08-14 00:10:50,617: STREAM b'IHDR' 16 13
DEBUG      2022-08-14 00:10:50,617: STREAM b'sBIT' 41 4
DEBUG      2022-08-14 00:10:50,617: b'sBIT' 41 4 (unknown)
DEBUG      2022-08-14 00:10:50,617: STREAM b'pHYs' 57 9
DEBUG      2022-08-14 00:10:50,617: STREAM b'IDAT' 78 526
DEBUG      2022-08-14 00:10:50,621: STREAM b'IHDR' 16 13
DEBUG      2022-08-14 00:10:50,656: STREAM b'sBIT' 41 4
DEBUG      2022-08-14 00:10:50,656: b'sBIT' 41 4 (unknown)
DEBUG      2022-08-14 00:10:50,656: STREAM b'pHYs' 57 9
DEBUG      2022-08-14 00:10:50,656: STREAM b'IDAT' 78 499
DEBUG      2022-08-14 00:10:50,656: STREAM b'IHDR' 16 13
DEBUG      2022-08-14 00:10:50,656: STREAM b'sBIT' 41 4
DEBUG      2022-08-14 00:10:50,656: b'sBIT' 41 4 (unknown)
DEBUG      2022-08-14 00:10:50,656: STREAM b'pHYs' 57 9
DEBUG      2022-08-14 00:10:50,656: STREAM b'IDAT' 78 673
DEBUG      2022-08-14 00:10:50,660: STREAM b'IHDR' 16 13
DEBUG      2022-08-14 00:10:50,660: STREAM b'sBIT' 41 4
DEBUG      2022-08-14 00:10:50,660: b'sBIT' 41 4 (unknown)
DEBUG      2022-08-14 00:10:50,660: STREAM b'pHYs' 57 9
DEBUG      2022-08-14 00:10:50,660: STREAM b'IDAT' 78 922
DEBUG      2022-08-14 00:10:50,660: STREAM b'IHDR' 16 13
DEBUG      2022-08-14 00:10:50,660: STREAM b'sBIT' 41 4
DEBUG      2022-08-14 00:10:50,660: b'sBIT' 41 4 (unknown)
DEBUG      2022-08-14 00:10:50,660: STREAM b'pHYs' 57 9
DEBUG      2022-08-14 00:10:50,660: STREAM b'IDAT' 78 568
DEBUG      2022-08-14 00:10:50,664: STREAM b'IHDR' 16 13
DEBUG      2022-08-14 00:10:50,664: STREAM b'sBIT' 41 4
DEBUG      2022-08-14 00:10:50,664: b'sBIT' 41 4 (unknown)
DEBUG      2022-08-14 00:10:50,664: STREAM b'pHYs' 57 9
DEBUG      2022-08-14 00:10:50,664: STREAM b'IDAT' 78 626
