DEBUG      2022-08-14 00:12:00,571: STREAM b'IHDR' 16 13
DEBUG      2022-08-14 00:12:00,571: STREAM b'sBIT' 41 4
DEBUG      2022-08-14 00:12:00,571: b'sBIT' 41 4 (unknown)
DEBUG      2022-08-14 00:12:00,571: STREAM b'pHYs' 57 9
DEBUG      2022-08-14 00:12:00,571: STREAM b'IDAT' 78 696
DEBUG      2022-08-14 00:12:00,575: STREAM b'IHDR' 16 13
DEBUG      2022-08-14 00:12:00,575: STREAM b'sBIT' 41 4
DEBUG      2022-08-14 00:12:00,575: b'sBIT' 41 4 (unknown)
DEBUG      2022-08-14 00:12:00,575: STREAM b'pHYs' 57 9
DEBUG      2022-08-14 00:12:00,575: STREAM b'IDAT' 78 526
DEBUG      2022-08-14 00:12:00,579: STREAM b'IHDR' 16 13
DEBUG      2022-08-14 00:12:00,615: STREAM b'sBIT' 41 4
DEBUG      2022-08-14 00:12:00,615: b'sBIT' 41 4 (unknown)
DEBUG      2022-08-14 00:12:00,615: STREAM b'pHYs' 57 9
DEBUG      2022-08-14 00:12:00,615: STREAM b'IDAT' 78 499
DEBUG      2022-08-14 00:12:00,615: STREAM b'IHDR' 16 13
DEBUG      2022-08-14 00:12:00,615: STREAM b'sBIT' 41 4
DEBUG      2022-08-14 00:12:00,615: b'sBIT' 41 4 (unknown)
DEBUG      2022-08-14 00:12:00,615: STREAM b'pHYs' 57 9
DEBUG      2022-08-14 00:12:00,615: STREAM b'IDAT' 78 673
DEBUG      2022-08-14 00:12:00,615: STREAM b'IHDR' 16 13
DEBUG      2022-08-14 00:12:00,615: STREAM b'sBIT' 41 4
DEBUG      2022-08-14 00:12:00,615: b'sBIT' 41 4 (unknown)
DEBUG      2022-08-14 00:12:00,615: STREAM b'pHYs' 57 9
DEBUG      2022-08-14 00:12:00,615: STREAM b'IDAT' 78 922
DEBUG      2022-08-14 00:12:00,619: STREAM b'IHDR' 16 13
DEBUG      2022-08-14 00:12:00,619: STREAM b'sBIT' 41 4
DEBUG      2022-08-14 00:12:00,619: b'sBIT' 41 4 (unknown)
DEBUG      2022-08-14 00:12:00,619: STREAM b'pHYs' 57 9
DEBUG      2022-08-14 00:12:00,619: STREAM b'IDAT' 78 568
DEBUG      2022-08-14 00:12:00,619: STREAM b'IHDR' 16 13
DEBUG      2022-08-14 00:12:00,619: STREAM b'sBIT' 41 4
DEBUG      2022-08-14 00:12:00,619: b'sBIT' 41 4 (unknown)
DEBUG      2022-08-14 00:12:00,619: STREAM b'pHYs' 57 9
DEBUG      2022-08-14 00:12:00,619: STREAM b'IDAT' 78 626
